[technext.github.io/tutor/index.html]
[backblue.gif]
[fade.gif]
[index.html]
[technext.github.io/tutor/fonts/icomoon/style.css]
[technext.github.io/tutor/fonts/brand/style.css]
[technext.github.io/tutor/css/bootstrap.min.css]
[technext.github.io/tutor/css/bootstrap-datepicker.css]
[technext.github.io/tutor/css/jquery.fancybox.min.css]
[technext.github.io/tutor/css/owl.carousel.min.css]
[technext.github.io/tutor/css/owl.theme.default.min.css]
[technext.github.io/tutor/css/aos.css]
[technext.github.io/tutor/css/style.css]
[technext.github.io/tutor/tutorials.html]
[technext.github.io/tutor/testimonials.html]
[technext.github.io/tutor/blog.html]
[technext.github.io/tutor/about.html]
[technext.github.io/tutor/contact.html]
[technext.github.io/tutor/images/hero_bg.jpg]
[technext.github.io/tutor/images/img_1.jpg]
[technext.github.io/tutor/images/img_2.jpg]
[technext.github.io/tutor/images/img_3.jpg]
[technext.github.io/tutor/images/img_4.jpg]
[technext.github.io/tutor/tutorial-single.html]
[technext.github.io/tutor/images/img_1_horizontal.jpg]
[technext.github.io/tutor/images/img_2_horizontal.jpg]
[technext.github.io/tutor/images/img_3_horizontal.jpg]
[technext.github.io/tutor/images/person_1.jpg]
[technext.github.io/tutor/images/person_2.jpg]
[technext.github.io/tutor/images/person_3.jpg]
[technext.github.io/tutor/js/jquery-3.3.1.min.js]
[technext.github.io/tutor/js/popper.min.js]
[technext.github.io/tutor/js/bootstrap.min.js]
[technext.github.io/tutor/js/owl.carousel.min.js]
[technext.github.io/tutor/js/jquery.sticky.js]
[technext.github.io/tutor/js/jquery.waypoints.min.js]
[technext.github.io/tutor/js/jquery.animateNumber.min.js]
[technext.github.io/tutor/js/jquery.fancybox.min.js]
[technext.github.io/tutor/js/jquery.easing.1.3.js]
[technext.github.io/tutor/js/bootstrap-datepicker.min.js]
[technext.github.io/tutor/js/aos.js]
[technext.github.io/tutor/js/main.js]
[technext.github.io/tutor/index.html]
[fonts.googleapis.com/css263f9.css]
[technext.github.io/tutor/tutorials.html]
[technext.github.io/tutor/testimonials.html]
[technext.github.io/tutor/single.html]
[technext.github.io/tutor/blog.html]
[technext.github.io/tutor/images/person_4.jpg]
[technext.github.io/tutor/images/person_5.jpg]
[technext.github.io/tutor/about.html]
[technext.github.io/tutor/contact.html]
[technext.github.io/tutor/tutorial-single.html]
[technext.github.io/tutor/single.html]
[technext.github.io/tutor/images/img_3.jpg]
[technext.github.io/tutor/images/hero_bg.jpg]
[technext.github.io/tutor/images/img_1.jpg]
[technext.github.io/tutor/images/img_2.jpg]
[technext.github.io/tutor/fonts/icomoon/fonts/icomoon1a44.eot]
[technext.github.io/tutor/fonts/icomoon/fonts/icomoon1a44.ttf]
[technext.github.io/tutor/images/img_4.jpg]
[technext.github.io/tutor/images/img_1_horizontal.jpg]
[technext.github.io/tutor/images/img_2_horizontal.jpg]
[technext.github.io/tutor/images/img_3_horizontal.jpg]
[technext.github.io/tutor/images/person_5.jpg]
[technext.github.io/tutor/fonts/icomoon/fonts/icomoon1a44.woff]
[technext.github.io/tutor/fonts/icomoon/style.css]
[technext.github.io/tutor/fonts/brand/fonts/brand1def.eot]
[technext.github.io/tutor/fonts/brand/fonts/brand1def.ttf]
[technext.github.io/tutor/fonts/icomoon/fonts/icomoon1a44.svg]
[technext.github.io/tutor/fonts/brand/fonts/brand1def.woff]
[technext.github.io/tutor/fonts/brand/fonts/brand1def.woff]
[technext.github.io/tutor/fonts/brand/style.css]
[technext.github.io/tutor/css/bootstrap.min.css]
[technext.github.io/tutor/css/bootstrap-datepicker.css]
[technext.github.io/tutor/css/jquery.fancybox.min.css]
[technext.github.io/tutor/fonts/brand/fonts/brand1def.svg]
[technext.github.io/tutor/css/owl.video.play.png]
[technext.github.io/tutor/css/owl.carousel.min.css]
[technext.github.io/tutor/css/owl.theme.default.min.css]
[technext.github.io/tutor/css/aos.css]
[technext.github.io/tutor/css/style.css]
[technext.github.io/tutor/tutorial-single.html]
[technext.github.io/tutor/fonts/icomoon/fonts/icomoon1a44.svg]
[technext.github.io/tutor/fonts/brand/fonts/brand1def.svg]
[technext.github.io/tutor/css/owl.video.play.html]
